<?xml version="1.0" encoding="UTF-8"?>
<!-- Generated by org.testng.reporters.JUnitXMLReporter -->
<testsuite hostname="DESKTOP-M4ESVU3" name="Command line test" tests="5" failures="2" timestamp="15 Dec 2020 12:52:36 GMT" time="34.198" errors="0">
  <testcase name="feature" time="17.679" classname="run.RunTest"/>
  <testcase name="registerTest" time="10.171" classname="RegisterTest">
    <failure type="java.lang.AssertionError" message="expected [请先同意服务条款] but found []">
      <![CDATA[java.lang.AssertionError: expected [请先同意服务条款] but found []
	at RegisterTest.registerTest(RegisterTest.java:46)
... Removed 40 stack frames]]>
    </failure>
  </testcase> <!-- registerTest -->
  <testcase name="assertEquals" time="0.0" classname="TestNGDemo">
    <failure type="java.lang.AssertionError" message="expected [aaaa] but found [qqqq]">
      <![CDATA[java.lang.AssertionError: expected [aaaa] but found [qqqq]
	at TestNGDemo.assertEquals(TestNGDemo.java:26)
... Removed 40 stack frames]]>
    </failure>
  </testcase> <!-- assertEquals -->
  <testcase name="demo1" time="0.0" classname="TestNGDemo"/>
  <testcase name="demo2" time="0.001" classname="TestNGDemo"/>
</testsuite> <!-- Command line test -->
