<?xml version="1.0" encoding="UTF-8" ?>
<testsuite tests="5" failures="2" name="TestSuite" time="27.855" errors="0" skipped="0">
  <properties>
[...]
</properties>
  <testcase classname="run.RunTest" name="feature" time="17.681"/>
  <testcase classname="RegisterTest" name="registerTest" time="10.173">
    <failure message="expected [请先同意服务条款] but found []" type="java.lang.AssertionError">java.lang.AssertionError: expected [请先同意服务条款] but found []
	at org.testng.Assert.fail(Assert.java:94)
	at org.testng.Assert.failNotEquals(Assert.java:513)
	at org.testng.Assert.assertEqualsImpl(Assert.java:135)
	at org.testng.Assert.assertEquals(Assert.java:116)
	at org.testng.Assert.assertEquals(Assert.java:190)
	at org.testng.Assert.assertEquals(Assert.java:200)
	at RegisterTest.registerTest(RegisterTest.java:46)
</failure>
    <system-out>
1 Scenarios (&amp;#27;[32m1 passed&amp;#27;[0m)
4 Steps (&amp;#27;[32m4 passed&amp;#27;[0m)
0m17.652s


</system-out>
    <system-err>Starting ChromeDriver 87.0.4280.88 (89e2380a3e36c3464b5dd1302349b1382549290d-refs/branch-heads/4280@{#1761}) on port 5092
Only local connections are allowed.
Please see https://chromedriver.chromium.org/security-considerations for suggestions on keeping ChromeDriver safe.
ChromeDriver was started successfully.
</system-err>
  </testcase>
  <testcase classname="TestNGDemo" name="assertEquals" time="0.001">
    <failure message="expected [aaaa] but found [qqqq]" type="java.lang.AssertionError">java.lang.AssertionError: expected [aaaa] but found [qqqq]
	at org.testng.Assert.fail(Assert.java:94)
	at org.testng.Assert.failNotEquals(Assert.java:513)
	at org.testng.Assert.assertEqualsImpl(Assert.java:135)
	at org.testng.Assert.assertEquals(Assert.java:116)
	at org.testng.Assert.assertEquals(Assert.java:190)
	at org.testng.Assert.assertEquals(Assert.java:200)
	at TestNGDemo.assertEquals(TestNGDemo.java:26)
</failure>
  </testcase>
  <testcase classname="TestNGDemo" name="demo1" time="0"/>
  <testcase classname="TestNGDemo" name="demo2" time="0"/>
</testsuite>